Unity Editor version:    2021.3.22f1 (b6c551784ba3)
Branch:                  2021.3/staging
Build type:              Release
Batch mode:              YES
macOS version:           Version 13.3.1 (Build 22E261)
Darwin version:          22.4.0
Architecture:            x86_64
Running under Rosetta:   NO
Available memory:        16384 MB
Using pre-set license
Pro License: YES

COMMAND LINE ARGUMENTS:
/Applications/Unity/Hub/Editor/2021.3.22f1/Unity.app/Contents/MacOS/Unity
-adb2
-batchMode
-noUpm
-name
AssetImportWorker0
-projectPath
/Users/ishaanbhatnagar/Documents/GitHub/ZombieGame
-logFile
Logs/AssetImportWorker0.log
-srvPort
64905
Successfully changed project path to: /Users/ishaanbhatnagar/Documents/GitHub/ZombieGame
/Users/ishaanbhatnagar/Documents/GitHub/ZombieGame
[UnityMemory] Configuration Parameters - Can be set up in boot.config
    "memorysetup-bucket-allocator-granularity=16"
    "memorysetup-bucket-allocator-bucket-count=8"
    "memorysetup-bucket-allocator-block-size=33554432"
    "memorysetup-bucket-allocator-block-count=8"
    "memorysetup-main-allocator-block-size=16777216"
    "memorysetup-thread-allocator-block-size=16777216"
    "memorysetup-gfx-main-allocator-block-size=16777216"
    "memorysetup-gfx-thread-allocator-block-size=16777216"
    "memorysetup-cache-allocator-block-size=4194304"
    "memorysetup-typetree-allocator-block-size=2097152"
    "memorysetup-profiler-bucket-allocator-granularity=16"
    "memorysetup-profiler-bucket-allocator-bucket-count=8"
    "memorysetup-profiler-bucket-allocator-block-size=33554432"
    "memorysetup-profiler-bucket-allocator-block-count=8"
    "memorysetup-profiler-allocator-block-size=16777216"
    "memorysetup-profiler-editor-allocator-block-size=1048576"
    "memorysetup-temp-allocator-size-main=16777216"
    "memorysetup-job-temp-allocator-block-size=2097152"
    "memorysetup-job-temp-allocator-block-size-background=1048576"
    "memorysetup-job-temp-allocator-reduction-small-platforms=262144"
    "memorysetup-temp-allocator-size-background-worker=32768"
    "memorysetup-temp-allocator-size-job-worker=262144"
    "memorysetup-temp-allocator-size-preload-manager=33554432"
    "memorysetup-temp-allocator-size-nav-mesh-worker=65536"
    "memorysetup-temp-allocator-size-audio-worker=65536"
    "memorysetup-temp-allocator-size-cloud-worker=32768"
    "memorysetup-temp-allocator-size-gi-baking-worker=262144"
    "memorysetup-temp-allocator-size-gfx=262144"
Player connection [140704406147904] Host "[IP] 192.168.0.6 [Port] 0 [Flags] 2 [Guid] 1536700164 [EditorId] 1536700164 [Version] 1048832 [Id] OSXEditor(0,Ishaans-MacBook-Pro.local) [Debug] 1 [PackageName] OSXEditor [ProjectName] Editor" joined multi-casting on [225.0.0.222:54997]...

Player connection [140704406147904] Host "[IP] 192.168.0.6 [Port] 0 [Flags] 2 [Guid] 1536700164 [EditorId] 1536700164 [Version] 1048832 [Id] OSXEditor(0,Ishaans-MacBook-Pro.local) [Debug] 1 [PackageName] OSXEditor [ProjectName] Editor" joined alternative multi-casting on [225.0.0.222:34997]...

Refreshing native plugins compatible for Editor in 170.52 ms, found 2 plugins.
Preloading 0 native plugins for Editor in 0.00 ms.
Initialize engine version: 2021.3.22f1 (b6c551784ba3)
[Subsystems] Discovering subsystems at path /Applications/Unity/Hub/Editor/2021.3.22f1/Unity.app/Contents/Resources/UnitySubsystems
[Subsystems] Discovering subsystems at path /Users/ishaanbhatnagar/Documents/GitHub/ZombieGame/Assets
GfxDevice: creating device client; threaded=0; jobified=0
Color LCD preferred device: AMD Radeon Pro 555X (high power)
Metal devices available: 2
0: AMD Radeon Pro 555X (high power)
1: Intel(R) UHD Graphics 630 (low power)
Using device AMD Radeon Pro 555X (high power)
Initializing Metal device caps: AMD Radeon Pro 555X
Initialize mono
Mono path[0] = '/Applications/Unity/Hub/Editor/2021.3.22f1/Unity.app/Contents/Managed'
Mono path[1] = '/Applications/Unity/Hub/Editor/2021.3.22f1/Unity.app/Contents/MonoBleedingEdge/lib/mono/unityjit-macos'
Mono config path = '/Applications/Unity/Hub/Editor/2021.3.22f1/Unity.app/Contents/MonoBleedingEdge/etc'
Using monoOptions --debugger-agent=transport=dt_socket,embedding=1,server=y,suspend=n,address=127.0.0.1:56749
Begin MonoManager ReloadAssembly
Registering precompiled unity dll's ...
Register platform support module: /Applications/Unity/Hub/Editor/2021.3.22f1/PlaybackEngines/WebGLSupport/UnityEditor.WebGL.Extensions.dll
Register platform support module: /Applications/Unity/Hub/Editor/2021.3.22f1/Unity.app/Contents/PlaybackEngines/MacStandaloneSupport/UnityEditor.OSXStandalone.Extensions.dll
Registered in 0.003408 seconds.
Native extension for OSXStandalone target not found
Native extension for WebGL target not found
Refreshing native plugins compatible for Editor in 208.02 ms, found 2 plugins.
Preloading 0 native plugins for Editor in 0.00 ms.
Mono: successfully reloaded assembly
- Completed reload, in  1.600 seconds
Domain Reload Profiling:
	ReloadAssembly (1601ms)
		BeginReloadAssembly (158ms)
			ExecutionOrderSort (0ms)
			DisableScriptedObjects (0ms)
			BackupInstance (0ms)
			ReleaseScriptingObjects (0ms)
			CreateAndSetChildDomain (1ms)
		EndReloadAssembly (1259ms)
			LoadAssemblies (158ms)
			RebuildTransferFunctionScriptingTraits (0ms)
			SetupTypeCache (257ms)
			ReleaseScriptCaches (0ms)
			RebuildScriptCaches (63ms)
			SetupLoadedEditorAssemblies (836ms)
				LogAssemblyErrors (0ms)
				InitializePlatformSupportModulesInManaged (14ms)
				SetLoadedEditorAssemblies (0ms)
				RefreshPlugins (208ms)
				BeforeProcessingInitializeOnLoad (2ms)
				ProcessInitializeOnLoadAttributes (490ms)
				ProcessInitializeOnLoadMethodAttributes (122ms)
				AfterProcessingInitializeOnLoad (0ms)
				EditorAssembliesLoaded (0ms)
			ExecutionOrderSort2 (0ms)
			AwakeInstancesAfterBackupRestoration (0ms)
Platform modules already initialized, skipping
Registering precompiled user dll's ...
Registered in 0.011760 seconds.
Begin MonoManager ReloadAssembly
Symbol file LoadedFromMemory doesn't match image /Users/ishaanbhatnagar/Documents/GitHub/ZombieGame/Library/PackageCache/com.unity.visualscripting@1.8.0/Editor/VisualScripting.Core/Dependencies/YamlDotNet/Unity.VisualScripting.YamlDotNet.dll
Symbol file LoadedFromMemory doesn't match image /Users/ishaanbhatnagar/Documents/GitHub/ZombieGame/Library/PackageCache/com.unity.visualscripting@1.8.0/Editor/VisualScripting.Core/Dependencies/DotNetZip/Unity.VisualScripting.IonicZip.dll
Native extension for OSXStandalone target not found
Native extension for WebGL target not found
Refreshing native plugins compatible for Editor in 164.76 ms, found 2 plugins.
Preloading 0 native plugins for Editor in 0.00 ms.
Mono: successfully reloaded assembly
- Completed reload, in  2.658 seconds
Domain Reload Profiling:
	ReloadAssembly (2678ms)
		BeginReloadAssembly (229ms)
			ExecutionOrderSort (0ms)
			DisableScriptedObjects (12ms)
			BackupInstance (0ms)
			ReleaseScriptingObjects (0ms)
			CreateAndSetChildDomain (47ms)
		EndReloadAssembly (2284ms)
			LoadAssemblies (229ms)
			RebuildTransferFunctionScriptingTraits (0ms)
			SetupTypeCache (618ms)
			ReleaseScriptCaches (1ms)
			RebuildScriptCaches (117ms)
			SetupLoadedEditorAssemblies (1254ms)
				LogAssemblyErrors (0ms)
				InitializePlatformSupportModulesInManaged (9ms)
				SetLoadedEditorAssemblies (0ms)
				RefreshPlugins (165ms)
				BeforeProcessingInitializeOnLoad (159ms)
				ProcessInitializeOnLoadAttributes (726ms)
				ProcessInitializeOnLoadMethodAttributes (189ms)
				AfterProcessingInitializeOnLoad (5ms)
				EditorAssembliesLoaded (0ms)
			ExecutionOrderSort2 (0ms)
			AwakeInstancesAfterBackupRestoration (9ms)
Platform modules already initialized, skipping
========================================================================
Worker process is ready to serve import requests
Launching external process: /Applications/Unity/Hub/Editor/2021.3.22f1/Unity.app/Contents/Tools/UnityShaderCompiler
Launched and connected shader compiler UnityShaderCompiler after 0.13 seconds
Refreshing native plugins compatible for Editor in 1.46 ms, found 2 plugins.
Preloading 0 native plugins for Editor in 0.00 ms.
Unloading 4945 Unused Serialized files (Serialized files now loaded: 0)
Unloading 37 unused Assets / (0.6 MB). Loaded Objects now: 5403.
Memory consumption went from 195.1 MB to 194.5 MB.
Total: 8.540662 ms (FindLiveObjects: 0.476462 ms CreateObjectMapping: 0.430389 ms MarkObjects: 6.867108 ms  DeleteObjects: 0.765072 ms)

AssetImportParameters requested are different than current active one (requested -> active):
  custom:video-decoder-ogg-theora: a1e56fd34408186e4bbccfd4996cb3dc -> 
  custom:container-muxer-webm: aa71ff27fc2769a1b78a27578f13a17b -> 
  custom:container-demuxer-webm: 4f35f7cbe854078d1ac9338744f61a02 -> 
  custom:video-encoder-webm-vp8: eb34c28f22e8b96e1ab97ce403110664 -> 
  custom:framework-osx-AVFoundation: e770b220cccbd017edd2c1fefb359320 -> 
  custom:audio-encoder-webm-vorbis: bf7c407c2cedff20999df2af8eb42d56 -> 
  custom:container-demuxer-ogg: 62fdf1f143b41e24485cea50d1cbac27 -> 
  custom:video-decoder-webm-vp8: 9c59270c3fd7afecdb556c50c9e8de78 -> 
  custom:audio-decoder-ogg-vorbis: bf7c407c2cedff20999df2af8eb42d56 -> 
========================================================================
Received Import Request.
  Time since last request: 264386.782346 seconds.
  path: Assets/UniversalRenderPipelineGlobalSettings.asset
  artifactKey: Guid(38b35347542e5af4c9b140950c5b18db) Importer(815301076,1909f56bfc062723c751e8b465ee728b)
Start importing Assets/UniversalRenderPipelineGlobalSettings.asset using Guid(38b35347542e5af4c9b140950c5b18db) Importer(815301076,1909f56bfc062723c751e8b465ee728b)  -> (artifact id: 'b14d8248548f96f452dc17bafb24a4a2') in 1.211508 seconds 
========================================================================
Received Import Request.
  Time since last request: 107.461083 seconds.
  path: Assets/Presets/AudioCompressedInMemory.preset
  artifactKey: Guid(2dd802e4d37c65149922028d3e973832) Importer(815301076,1909f56bfc062723c751e8b465ee728b)
Start importing Assets/Presets/AudioCompressedInMemory.preset using Guid(2dd802e4d37c65149922028d3e973832) Importer(815301076,1909f56bfc062723c751e8b465ee728b)  -> (artifact id: '11aa55593b29254b933979ccaab9d090') in 0.131049 seconds 
========================================================================
Received Import Request.
  Time since last request: 0.000107 seconds.
  path: Assets/TutorialsEU_Assets/Assets/Environment/3DModels/wallFence.fbx
  artifactKey: Guid(e40e913a625dac24da35c44ffe6c8e9b) Importer(815301076,1909f56bfc062723c751e8b465ee728b)
Start importing Assets/TutorialsEU_Assets/Assets/Environment/3DModels/wallFence.fbx using Guid(e40e913a625dac24da35c44ffe6c8e9b) Importer(815301076,1909f56bfc062723c751e8b465ee728b)  -> (artifact id: '3e7207890f9a592893c59f3f989a97ab') in 0.647280 seconds 
========================================================================
Received Import Request.
  Time since last request: 0.000116 seconds.
  path: Assets/TutorialsEU_Assets/Assets/Environment/Prefabs/balcony_typeA.prefab
  artifactKey: Guid(5bb726db6d6e7c74aadc267fbc6c71ec) Importer(815301076,1909f56bfc062723c751e8b465ee728b)
Start importing Assets/TutorialsEU_Assets/Assets/Environment/Prefabs/balcony_typeA.prefab using Guid(5bb726db6d6e7c74aadc267fbc6c71ec) Importer(815301076,1909f56bfc062723c751e8b465ee728b)  -> (artifact id: 'c12188a98ae0879aad36de14e9ac8f6e') in 1.934728 seconds 
========================================================================
Received Import Request.
  Time since last request: 0.000102 seconds.
  path: Assets/TutorialsEU_Assets/Assets/Characters/3DModels/ZombieCharacter.fbx
  artifactKey: Guid(5d92bbf9285679f44be5e2d4d2e53659) Importer(815301076,1909f56bfc062723c751e8b465ee728b)
Start importing Assets/TutorialsEU_Assets/Assets/Characters/3DModels/ZombieCharacter.fbx using Guid(5d92bbf9285679f44be5e2d4d2e53659) Importer(815301076,1909f56bfc062723c751e8b465ee728b)  -> (artifact id: '37d1db75024a09eeee925fd50293a6f7') in 0.088338 seconds 
========================================================================
Received Import Request.
  Time since last request: 0.000164 seconds.
  path: Assets/TutorialsEU_Assets/Assets/Environment/3DModels/balconyLadder_top.fbx
  artifactKey: Guid(8fea60743b49de141a39607d0eab088b) Importer(815301076,1909f56bfc062723c751e8b465ee728b)
Start importing Assets/TutorialsEU_Assets/Assets/Environment/3DModels/balconyLadder_top.fbx using Guid(8fea60743b49de141a39607d0eab088b) Importer(815301076,1909f56bfc062723c751e8b465ee728b)  -> (artifact id: '1414ffc47b3f0369647cbdf06ae5ff69') in 0.044699 seconds 
========================================================================
Received Import Request.
  Time since last request: 0.000109 seconds.
  path: Assets/TutorialsEU_Assets/Assets/Environment/3DModels/roadDirt_corner.fbx
  artifactKey: Guid(2bfe57e2d79fbc947b2fa1d16e11eef6) Importer(815301076,1909f56bfc062723c751e8b465ee728b)
Start importing Assets/TutorialsEU_Assets/Assets/Environment/3DModels/roadDirt_corner.fbx using Guid(2bfe57e2d79fbc947b2fa1d16e11eef6) Importer(815301076,1909f56bfc062723c751e8b465ee728b)  -> (artifact id: 'b73151d17eba5c7b3168164887018799') in 0.048328 seconds 
========================================================================
Received Import Request.
  Time since last request: 0.000082 seconds.
  path: Assets/TutorialsEU_Assets/Assets/Environment/3DModels/detailBarrierStrong_damaged.fbx
  artifactKey: Guid(323b95439d9c05f4abc64c4929678f72) Importer(815301076,1909f56bfc062723c751e8b465ee728b)
Start importing Assets/TutorialsEU_Assets/Assets/Environment/3DModels/detailBarrierStrong_damaged.fbx using Guid(323b95439d9c05f4abc64c4929678f72) Importer(815301076,1909f56bfc062723c751e8b465ee728b)  -> (artifact id: '551cc288df00602be11c68c070241525') in 0.028543 seconds 
========================================================================
Received Import Request.
  Time since last request: 0.000097 seconds.
  path: Assets/TutorialsEU_Assets/Assets/Environment/3DModels/detailBricks_typeA.fbx
  artifactKey: Guid(6390ad6d97b6592428239a5166216017) Importer(815301076,1909f56bfc062723c751e8b465ee728b)
Start importing Assets/TutorialsEU_Assets/Assets/Environment/3DModels/detailBricks_typeA.fbx using Guid(6390ad6d97b6592428239a5166216017) Importer(815301076,1909f56bfc062723c751e8b465ee728b)  -> (artifact id: 'b599e33ca2a4772f5f3627a1a3d50232') in 0.025476 seconds 
========================================================================
Received Import Request.
  Time since last request: 0.000087 seconds.
  path: Assets/TutorialsEU_Assets/Assets/Environment/3DModels/balcony_typeA.fbx
  artifactKey: Guid(7a384dbc05321cf4aa868991806592ec) Importer(815301076,1909f56bfc062723c751e8b465ee728b)
Start importing Assets/TutorialsEU_Assets/Assets/Environment/3DModels/balcony_typeA.fbx using Guid(7a384dbc05321cf4aa868991806592ec) Importer(815301076,1909f56bfc062723c751e8b465ee728b)  -> (artifact id: 'aa90eecc0d9b88d5eb198677376a7ce9') in 0.025862 seconds 
========================================================================
Received Import Request.
  Time since last request: 0.000116 seconds.
  path: Assets/TutorialsEU_Assets/Assets/Characters/Textures/Bob_Metallic.png
  artifactKey: Guid(aa97609cba576714ca41a304a45fd848) Importer(815301076,1909f56bfc062723c751e8b465ee728b)
Start importing Assets/TutorialsEU_Assets/Assets/Characters/Textures/Bob_Metallic.png using Guid(aa97609cba576714ca41a304a45fd848) Importer(815301076,1909f56bfc062723c751e8b465ee728b)  -> (artifact id: '152cfa544336a75dc61f34f2561bc247') in 1.011973 seconds 
========================================================================
Received Import Request.
  Time since last request: 0.000198 seconds.
  path: Assets/TutorialsEU_Assets/Assets/Environment/Materials/concrete.mat
  artifactKey: Guid(3ddf927eba7955f44b6b45b8e95fa52d) Importer(815301076,1909f56bfc062723c751e8b465ee728b)
Start importing Assets/TutorialsEU_Assets/Assets/Environment/Materials/concrete.mat using Guid(3ddf927eba7955f44b6b45b8e95fa52d) Importer(815301076,1909f56bfc062723c751e8b465ee728b)  -> (artifact id: '78737c7a61aa9e053b3ec7499e61ad18') in 0.180416 seconds 
========================================================================
Received Import Request.
  Time since last request: 0.000112 seconds.
  path: Assets/TutorialsEU_Assets/Assets/Weapons/Materials/Black_Metal.mat
  artifactKey: Guid(51b9e54d9b1e9a843bb66aab9e3a3401) Importer(815301076,1909f56bfc062723c751e8b465ee728b)
Start importing Assets/TutorialsEU_Assets/Assets/Weapons/Materials/Black_Metal.mat using Guid(51b9e54d9b1e9a843bb66aab9e3a3401) Importer(815301076,1909f56bfc062723c751e8b465ee728b)  -> (artifact id: 'c18346d71e568c988e0f6616660d582d') in 0.018131 seconds 
========================================================================
Received Import Request.
  Time since last request: 0.000152 seconds.
  path: Assets/TutorialsEU_Assets/Assets/Environment/3DModels/balconyLadder_bottom.fbx
  artifactKey: Guid(45743eb9bd454334cbc4d6b48341c601) Importer(815301076,1909f56bfc062723c751e8b465ee728b)
Start importing Assets/TutorialsEU_Assets/Assets/Environment/3DModels/balconyLadder_bottom.fbx using Guid(45743eb9bd454334cbc4d6b48341c601) Importer(815301076,1909f56bfc062723c751e8b465ee728b)  -> (artifact id: '28d694ff6ed3e51095fe846cedb05e03') in 0.070039 seconds 
========================================================================
Received Import Request.
  Time since last request: 0.000172 seconds.
  path: Assets/TutorialsEU_Assets/Assets/Environment/3DModels/wallA.fbx
  artifactKey: Guid(d5d98ba532107654089ef2053dbd5752) Importer(815301076,1909f56bfc062723c751e8b465ee728b)
Start importing Assets/TutorialsEU_Assets/Assets/Environment/3DModels/wallA.fbx using Guid(d5d98ba532107654089ef2053dbd5752) Importer(815301076,1909f56bfc062723c751e8b465ee728b)  -> (artifact id: '3fd53ce6421dc8842c2349cd61ca857e') in 0.044048 seconds 
========================================================================
Received Import Request.
  Time since last request: 0.000106 seconds.
  path: Assets/TutorialsEU_Assets/Assets/Environment/3DModels/detailBarrierStrong_typeB.fbx
  artifactKey: Guid(551cef4ecc4565540914b18ba2f06811) Importer(815301076,1909f56bfc062723c751e8b465ee728b)
Start importing Assets/TutorialsEU_Assets/Assets/Environment/3DModels/detailBarrierStrong_typeB.fbx using Guid(551cef4ecc4565540914b18ba2f06811) Importer(815301076,1909f56bfc062723c751e8b465ee728b)  -> (artifact id: '4c3b324e3626a7ee0b59a7e79783fd87') in 0.046575 seconds 
========================================================================
Received Import Request.
  Time since last request: 0.000107 seconds.
  path: Assets/TutorialsEU_Assets/Assets/Environment/3DModels/wallSteps_typeA.fbx
  artifactKey: Guid(bcfa81cfadc26d24ca96c9d533b8ed1a) Importer(815301076,1909f56bfc062723c751e8b465ee728b)
Start importing Assets/TutorialsEU_Assets/Assets/Environment/3DModels/wallSteps_typeA.fbx using Guid(bcfa81cfadc26d24ca96c9d533b8ed1a) Importer(815301076,1909f56bfc062723c751e8b465ee728b)  -> (artifact id: 'e824397677a0a21def2c532157322659') in 0.043276 seconds 
========================================================================
Received Import Request.
  Time since last request: 0.000084 seconds.
  path: Assets/TutorialsEU_Assets/Assets/Environment/Prefabs/balconyLadder_bottom.prefab
  artifactKey: Guid(9fecf7f7c6f06dc409be8b7b6899caa3) Importer(815301076,1909f56bfc062723c751e8b465ee728b)
Start importing Assets/TutorialsEU_Assets/Assets/Environment/Prefabs/balconyLadder_bottom.prefab using Guid(9fecf7f7c6f06dc409be8b7b6899caa3) Importer(815301076,1909f56bfc062723c751e8b465ee728b)  -> (artifact id: '3a730e7a5f3c7148a544478d8ace6dc1') in 0.026249 seconds 
========================================================================
Received Import Request.
  Time since last request: 0.000099 seconds.
  path: Assets/TutorialsEU_Assets/Assets/Environment/3DModels/wallA_lowPainted.fbx
  artifactKey: Guid(90b526b9708f82341beee33ec1e7b8d9) Importer(815301076,1909f56bfc062723c751e8b465ee728b)
Start importing Assets/TutorialsEU_Assets/Assets/Environment/3DModels/wallA_lowPainted.fbx using Guid(90b526b9708f82341beee33ec1e7b8d9) Importer(815301076,1909f56bfc062723c751e8b465ee728b)  -> (artifact id: 'ce1720aa7ceae3c9e4df56928118fb58') in 0.061131 seconds 
========================================================================
Received Import Request.
  Time since last request: 0.000117 seconds.
  path: Assets/TutorialsEU_Assets/Assets/Environment/City.prefab
  artifactKey: Guid(f1e79dc00fde5474da5cc93c83aa1a8e) Importer(815301076,1909f56bfc062723c751e8b465ee728b)
Start importing Assets/TutorialsEU_Assets/Assets/Environment/City.prefab using Guid(f1e79dc00fde5474da5cc93c83aa1a8e) Importer(815301076,1909f56bfc062723c751e8b465ee728b)  -> (artifact id: '5c048e474acc5a9ade162b63b3effd97') in 0.148323 seconds 
========================================================================
Received Import Request.
  Time since last request: 70.509013 seconds.
  path: Assets/TutorialsEU_Assets/Assets/Weapons/Prefabs/weapon.prefab
  artifactKey: Guid(6ffe500a9db1a1f4198b80b46bc35bc6) Importer(815301076,1909f56bfc062723c751e8b465ee728b)
Start importing Assets/TutorialsEU_Assets/Assets/Weapons/Prefabs/weapon.prefab using Guid(6ffe500a9db1a1f4198b80b46bc35bc6) Importer(815301076,1909f56bfc062723c751e8b465ee728b)  -> (artifact id: '69e3f84136d3e93843242fee4ce947c7') in 0.041341 seconds 
========================================================================
Received Import Request.
  Time since last request: 0.000072 seconds.
  path: Assets/TutorialsEU_Assets/Assets/Weapons/Materials/WeaponMat.mat
  artifactKey: Guid(5672279b013ce674c82d4d6a1e80ada3) Importer(815301076,1909f56bfc062723c751e8b465ee728b)
Start importing Assets/TutorialsEU_Assets/Assets/Weapons/Materials/WeaponMat.mat using Guid(5672279b013ce674c82d4d6a1e80ada3) Importer(815301076,1909f56bfc062723c751e8b465ee728b)  -> (artifact id: '9fabb72cf0dd35f01c09b64aff0a2510') in 1.577609 seconds 
Editor requested this worker to shutdown with reason: Scaling down because of idle timeout
AssetImportWorker is now disconnected from the server
Process exiting
